[2025-10-22 10:44:12][uid=2] POST action="join" queue_id=1
[2025-10-22 10:44:12][uid=2] Caught PDOException: SQLSTATE[HY093]: Invalid parameter number TRACE=#0 /home/nixorc5/regatta.nixorcorporate.com/signoff/public/api/queues.php(112): PDOStatement->execute(Array)
#1 {main}
[2025-10-22 10:44:40][uid=2] GET queues room_id_raw=null parsed=null SQL=SELECT CAST(queue_id AS UNSIGNED) AS queue_id, CAST(room_id AS UNSIGNED) AS room_id, name, description FROM queues_info ORDER BY name ARGS=[]
[2025-10-22 10:44:40][uid=2] GET result ok=1 rows=1
[2025-10-22 10:44:58][uid=2] POST action="join" queue_id=1
[2025-10-22 10:44:58][uid=2] Caught PDOException: SQLSTATE[HY093]: Invalid parameter number TRACE=#0 /home/nixorc5/regatta.nixorcorporate.com/signoff/public/api/queues.php(112): PDOStatement->execute(Array)
#1 {main}
[2025-10-22 10:45:52][uid=2] POST action="join" queue_id=1
[2025-10-22 10:45:52][uid=2] Caught PDOException: SQLSTATE[HY093]: Invalid parameter number TRACE=#0 /home/nixorc5/regatta.nixorcorporate.com/signoff/public/api/queues.php(112): PDOStatement->execute(Array)
#1 {main}
[2025-10-22 10:49:21][uid=2] POST action="join" queue_id=1
[2025-10-22 10:49:21][uid=2] POST join success qid=1
[2025-10-22 10:49:37][uid=2] POST action="join" queue_id=1
[2025-10-22 10:49:37][uid=2] POST join success qid=1
[2025-10-22 10:49:39][uid=2] POST action="leave" queue_id=1
[2025-10-22 10:49:39][uid=2] POST leave success qid=1
[2025-10-22 13:36:48][uid=2] GET queues room_id_raw="1" parsed="1" SQL=SELECT CAST(queue_id AS UNSIGNED) AS queue_id, CAST(room_id AS UNSIGNED) AS room_id, name, description FROM queues_info WHERE room_id = CAST(:rid AS UNSIGNED) ORDER BY name ARGS={":rid":1}
[2025-10-22 13:36:48][uid=2] GET result ok=1 rows=1
[2025-10-22 13:36:55][uid=2] POST action="join" queue_id=1
[2025-10-22 13:36:55][uid=2] POST join success qid=1
[2025-10-22 13:36:56][uid=2] POST action="leave" queue_id=1
[2025-10-22 13:36:56][uid=2] POST leave success qid=1
[2025-10-22 13:36:57][uid=2] POST action="join" queue_id=1
[2025-10-22 13:36:57][uid=2] POST join success qid=1
[2025-10-22 13:36:57][uid=2] POST action="leave" queue_id=1
[2025-10-22 13:36:57][uid=2] POST leave success qid=1
[2025-10-22 13:36:57][uid=2] POST action="join" queue_id=1
[2025-10-22 13:36:57][uid=2] POST join success qid=1
[2025-10-22 13:55:46][uid=2] POST action="join" queue_id=1
[2025-10-22 13:55:46][uid=2] POST join success qid=1
[2025-10-22 22:25:46][uid=2] GET queues room_id_raw="1" parsed="1" SQL=SELECT CAST(queue_id AS UNSIGNED) AS queue_id, CAST(room_id AS UNSIGNED) AS room_id, name, description FROM queues_info WHERE room_id = CAST(:rid AS UNSIGNED) ORDER BY name ARGS={":rid":1}
[2025-10-22 22:25:46][uid=2] GET result ok=1 rows=1
[2025-10-22 22:25:48][uid=2] POST action="join" queue_id=1
[2025-10-22 22:25:48][uid=2] POST join success qid=1
[2025-10-22 22:25:49][uid=2] POST action="leave" queue_id=1
[2025-10-22 22:25:49][uid=2] POST leave success qid=1
[2025-10-22 22:25:50][uid=2] POST action="join" queue_id=1
[2025-10-22 22:25:50][uid=2] POST join success qid=1
[2025-10-22 22:25:53][uid=2] POST action="join" queue_id=1
[2025-10-22 22:25:53][uid=2] POST join success qid=1
[2025-10-22 22:25:53][uid=2] POST action="join" queue_id=1
[2025-10-22 22:25:53][uid=2] POST join success qid=1
[2025-10-23 19:26:02][uid=2] GET queues room_id_raw="1" parsed="1" SQL=SELECT CAST(queue_id AS UNSIGNED) AS queue_id, CAST(room_id AS UNSIGNED) AS room_id, name, description FROM queues_info WHERE room_id = CAST(:rid AS UNSIGNED) ORDER BY name ARGS={":rid":1}
[2025-10-23 19:26:02][uid=2] GET result ok=1 rows=1
[2025-10-23 19:26:04][uid=2] POST action="join" queue_id=1
[2025-10-23 19:26:04][uid=2] POST join success qid=1
[2025-10-23 19:26:20][uid=2] POST action="join" queue_id=1
[2025-10-23 19:26:20][uid=2] POST join success qid=1
[2025-10-23 19:26:25][uid=2] POST action="leave" queue_id=1
[2025-10-23 19:26:25][uid=2] POST leave success qid=1
[2025-10-23 19:26:31][uid=2] POST action="join" queue_id=1
[2025-10-23 19:26:31][uid=2] POST join success qid=1
[2025-10-24 15:49:47][uid=44] GET queues room_id_raw="1" parsed="1" SQL=SELECT CAST(queue_id AS UNSIGNED) AS queue_id, CAST(room_id AS UNSIGNED) AS room_id, name, description FROM queues_info WHERE room_id = CAST(:rid AS UNSIGNED) ORDER BY name ARGS={":rid":1}
[2025-10-24 15:49:47][uid=44] GET result ok=1 rows=1
[2025-10-24 15:49:50][uid=44] POST action="join" queue_id=1
[2025-10-24 15:49:50][uid=44] POST join success qid=1
[2025-10-24 15:49:55][uid=44] POST action="join" queue_id=1
[2025-10-24 15:49:55][uid=44] POST join success qid=1
[2025-10-24 15:49:59][uid=44] POST action="leave" queue_id=1
[2025-10-24 15:49:59][uid=44] POST leave success qid=1
[2025-10-24 15:50:02][uid=44] POST action="join" queue_id=1
[2025-10-24 15:50:02][uid=44] POST join success qid=1
[2025-10-24 18:32:54][uid=2] GET queues room_id_raw="1" parsed="1" SQL=SELECT CAST(queue_id AS UNSIGNED) AS queue_id, CAST(room_id AS UNSIGNED) AS room_id, name, description FROM queues_info WHERE room_id = CAST(:rid AS UNSIGNED) ORDER BY name ARGS={":rid":1}
[2025-10-24 18:32:54][uid=2] GET result ok=1 rows=1
[2025-10-24 18:32:57][uid=2] POST action="join" queue_id=1
[2025-10-24 18:32:57][uid=2] POST join success qid=1
[2025-10-26 18:23:53][uid=2] GET queues room_id_raw="1" parsed="1" SQL=SELECT CAST(queue_id AS UNSIGNED) AS queue_id, CAST(room_id AS UNSIGNED) AS room_id, name, description FROM queues_info WHERE room_id = CAST(:rid AS UNSIGNED) ORDER BY name ARGS={":rid":1}
[2025-10-26 18:23:53][uid=2] GET result ok=1 rows=1
[2025-10-26 18:23:56][uid=2] POST action="join" queue_id=1
[2025-10-26 18:23:56][uid=2] POST join success qid=1
[2025-10-26 18:23:58][uid=2] POST action="leave" queue_id=1
[2025-10-26 18:23:58][uid=2] POST leave success qid=1
[2025-10-26 18:23:58][uid=2] POST action="leave" queue_id=1
[2025-10-26 18:23:58][uid=2] POST leave success qid=1
[2025-10-26 19:39:33][uid=2] GET queues room_id_raw="1" parsed="1" SQL=SELECT CAST(queue_id AS UNSIGNED) AS queue_id, CAST(room_id AS UNSIGNED) AS room_id, name, description FROM queues_info WHERE room_id = CAST(:rid AS UNSIGNED) ORDER BY name ARGS={":rid":1}
[2025-10-26 19:39:33][uid=2] GET result ok=1 rows=1
[2025-10-26 19:39:41][uid=2] POST action="join" queue_id=1
[2025-10-26 19:39:41][uid=2] POST join success qid=1
[2025-10-26 19:39:42][uid=2] POST action="leave" queue_id=1
[2025-10-26 19:39:42][uid=2] POST leave success qid=1
[2025-10-26 19:39:43][uid=2] POST action="join" queue_id=1
[2025-10-26 19:39:43][uid=2] POST join success qid=1
[2025-10-26 20:19:49][uid=2] POST action="join" queue_id=1
[2025-10-26 20:19:49][uid=2] POST join success qid=1
[2025-10-26 20:19:50][uid=2] POST action="leave" queue_id=1
[2025-10-26 20:19:50][uid=2] POST leave success qid=1
[2025-10-30 07:15:14][uid=49] GET queues room_id_raw="1" parsed="1" SQL=SELECT CAST(queue_id AS UNSIGNED) AS queue_id, CAST(room_id AS UNSIGNED) AS room_id, name, description FROM queues_info WHERE room_id = CAST(:rid AS UNSIGNED) ORDER BY name ARGS={":rid":1}
[2025-10-30 07:15:14][uid=49] GET result ok=1 rows=1
[2025-10-30 07:15:16][uid=49] POST action="join" queue_id=1
[2025-10-30 07:15:16][uid=49] POST join success qid=1
[2025-10-30 07:15:19][uid=49] POST action="join" queue_id=1
[2025-10-30 07:15:19][uid=49] POST join success qid=1
[2025-10-30 07:15:20][uid=49] POST action="leave" queue_id=1
[2025-10-30 07:15:20][uid=49] POST leave success qid=1
[2025-10-30 07:15:25][uid=49] POST action="join" queue_id=1
[2025-10-30 07:15:25][uid=49] POST join success qid=1
[2025-10-30 07:15:26][uid=49] POST action="join" queue_id=1
[2025-10-30 07:15:26][uid=49] POST join success qid=1
[2025-10-30 07:15:26][uid=49] POST action="join" queue_id=1
[2025-10-30 07:15:26][uid=49] POST join success qid=1
[2025-10-30 07:15:27][uid=49] POST action="join" queue_id=1
[2025-10-30 07:15:27][uid=49] POST join success qid=1
[2025-10-30 07:15:27][uid=49] POST action="join" queue_id=1
[2025-10-30 07:15:27][uid=49] POST join success qid=1
[2025-10-30 07:15:27][uid=49] POST action="join" queue_id=1
[2025-10-30 07:15:27][uid=49] POST join success qid=1
[2025-10-30 07:15:27][uid=49] POST action="join" queue_id=1
[2025-10-30 07:15:27][uid=49] POST join success qid=1
[2025-10-30 07:15:27][uid=49] POST action="join" queue_id=1
[2025-10-30 07:15:27][uid=49] POST join success qid=1
[2025-10-30 07:15:28][uid=49] POST action="join" queue_id=1
[2025-10-30 07:15:28][uid=49] POST join success qid=1
[2025-10-30 07:15:28][uid=49] POST action="join" queue_id=1
[2025-10-30 07:15:28][uid=49] POST join success qid=1
[2025-10-30 07:15:37][uid=49] POST action="join" queue_id=1
[2025-10-30 07:15:37][uid=49] POST join success qid=1
[2025-11-01 15:26:01][uid=2] GET queues room_id_raw="1" parsed="1" SQL=SELECT CAST(queue_id AS UNSIGNED) AS queue_id, CAST(room_id AS UNSIGNED) AS room_id, name, description FROM queues_info WHERE room_id = CAST(:rid AS UNSIGNED) ORDER BY name ARGS={":rid":1}
[2025-11-01 15:26:01][uid=2] GET result ok=1 rows=1
[2025-11-01 15:48:01][uid=2] GET queues room_id_raw="1" parsed="1" SQL=SELECT CAST(queue_id AS UNSIGNED) AS queue_id, CAST(room_id AS UNSIGNED) AS room_id, name, description FROM queues_info WHERE room_id = CAST(:rid AS UNSIGNED) ORDER BY name ARGS={":rid":1}
[2025-11-01 15:48:01][uid=2] GET result ok=1 rows=1
[2025-11-01 15:53:37][uid=2] GET queues room_id_raw="1" parsed="1" SQL=SELECT CAST(queue_id AS UNSIGNED) AS queue_id, CAST(room_id AS UNSIGNED) AS room_id, name, description FROM queues_info WHERE room_id = CAST(:rid AS UNSIGNED) ORDER BY name ARGS={":rid":1}
[2025-11-01 15:53:37][uid=2] GET result ok=1 rows=1
[2025-11-01 19:37:58][uid=2] GET queues room_id_raw="1" parsed="1" SQL=SELECT CAST(queue_id AS UNSIGNED) AS queue_id, CAST(room_id AS UNSIGNED) AS room_id, name, description FROM queues_info WHERE room_id = CAST(:rid AS UNSIGNED) ORDER BY name ARGS={":rid":1}
[2025-11-01 19:37:58][uid=2] GET result ok=1 rows=1
[2025-11-01 19:54:35][uid=2] GET queues room_id_raw="1" parsed="1" SQL=SELECT CAST(queue_id AS UNSIGNED) AS queue_id, CAST(room_id AS UNSIGNED) AS room_id, name, description FROM queues_info WHERE room_id = CAST(:rid AS UNSIGNED) ORDER BY name ARGS={":rid":1}
[2025-11-01 19:54:35][uid=2] GET result ok=1 rows=1
[2025-11-01 19:55:10][uid=2] POST action="join" queue_id=1
[2025-11-01 19:55:10][uid=2] POST join success qid=1
[2025-11-01 19:55:11][uid=2] POST action="leave" queue_id=1
[2025-11-01 19:55:11][uid=2] POST leave success qid=1
[2025-11-01 19:55:11][uid=2] POST action="join" queue_id=1
[2025-11-01 19:55:11][uid=2] POST join success qid=1
